Main.obj : error LNK2019: unresolved external symbol __imp__glewInit@0 referenced in function _main
Main.obj : error LNK2019: unresolved external symbol _glfwInit referenced in function _main
Main.obj : error LNK2019: unresolved external symbol _glfwTerminate referenced in function _main
Main.obj : error LNK2019: unresolved external symbol _glfwWindowHint referenced in function _main
Main.obj : error LNK2019: unresolved external symbol _glfwCreateWindow referenced in function _main
Main.obj : error LNK2019: unresolved external symbol _glfwWindowShouldClose referenced in function _main
Main.obj : error LNK2019: unresolved external symbol _glfwSetWindowTitle referenced in function "void __cdecl mouseButtonCallback(struct GLFWwindow *,int,int,int)" (?mouseButtonCallback@@YAXPAUGLFWwindow@@HHH@Z)
Main.obj : error LNK2019: unresolved external symbol _glfwGetFramebufferSize referenced in function _main
Main.obj : error LNK2019: unresolved external symbol _glfwPollEvents referenced in function _main
Main.obj : error LNK2019: unresolved external symbol _glfwGetCursorPos referenced in function "void __cdecl mouseButtonCallback(struct GLFWwindow *,int,int,int)" (?mouseButtonCallback@@YAXPAUGLFWwindow@@HHH@Z)
Main.obj : error LNK2019: unresolved external symbol _glfwSetMouseButtonCallback referenced in function _main
Main.obj : error LNK2019: unresolved external symbol _glfwMakeContextCurrent referenced in function _main
Main.obj : error LNK2019: unresolved external symbol _glfwSwapBuffers referenced in function _main
Main.obj : error LNK2019: unresolved external symbol __imp____glewBindBuffer referenced in function _main
Main.obj : error LNK2019: unresolved external symbol __imp____glewBufferData referenced in function _main
Main.obj : error LNK2019: unresolved external symbol __imp____glewGenBuffers referenced in function _main
Main.obj : error LNK2019: unresolved external symbol __imp____glewAttachShader referenced in function "unsigned int __cdecl CreateShader(class std::basic_string<char,struct std::char_traits<char>,class std::allocator<char> > const &,class std::basic_string<char,struct std::char_traits<char>,class std::allocator<char> > const &)" (?CreateShader@@YAIABV?$basic_string@DU?$char_traits@D@std@@V?$allocator@D@2@@std@@0@Z)
Main.obj : error LNK2019: unresolved external symbol __imp____glewCompileShader referenced in function "unsigned int __cdecl CompileShader(unsigned int,class std::basic_string<char,struct std::char_traits<char>,class std::allocator<char> > const &)" (?CompileShader@@YAIIABV?$basic_string@DU?$char_traits@D@std@@V?$allocator@D@2@@std@@@Z)
Main.obj : error LNK2019: unresolved external symbol __imp____glewCreateProgram referenced in function "unsigned int __cdecl CreateShader(class std::basic_string<char,struct std::char_traits<char>,class std::allocator<char> > const &,class std::basic_string<char,struct std::char_traits<char>,class std::allocator<char> > const &)" (?CreateShader@@YAIABV?$basic_string@DU?$char_traits@D@std@@V?$allocator@D@2@@std@@0@Z)
Main.obj : error LNK2019: unresolved external symbol __imp____glewCreateShader referenced in function "unsigned int __cdecl CompileShader(unsigned int,class std::basic_string<char,struct std::char_traits<char>,class std::allocator<char> > const &)" (?CompileShader@@YAIIABV?$basic_string@DU?$char_traits@D@std@@V?$allocator@D@2@@std@@@Z)
Main.obj : error LNK2019: unresolved external symbol __imp____glewDeleteShader referenced in function "unsigned int __cdecl CompileShader(unsigned int,class std::basic_string<char,struct std::char_traits<char>,class std::allocator<char> > const &)" (?CompileShader@@YAIIABV?$basic_string@DU?$char_traits@D@std@@V?$allocator@D@2@@std@@@Z)
Main.obj : error LNK2019: unresolved external symbol __imp____glewEnableVertexAttribArray referenced in function _main
Main.obj : error LNK2019: unresolved external symbol __imp____glewGetShaderInfoLog referenced in function "unsigned int __cdecl CompileShader(unsigned int,class std::basic_string<char,struct std::char_traits<char>,class std::allocator<char> > const &)" (?CompileShader@@YAIIABV?$basic_string@DU?$char_traits@D@std@@V?$allocator@D@2@@std@@@Z)
Main.obj : error LNK2019: unresolved external symbol __imp____glewGetShaderiv referenced in function "unsigned int __cdecl CompileShader(unsigned int,class std::basic_string<char,struct std::char_traits<char>,class std::allocator<char> > const &)" (?CompileShader@@YAIIABV?$basic_string@DU?$char_traits@D@std@@V?$allocator@D@2@@std@@@Z)
Main.obj : error LNK2019: unresolved external symbol __imp____glewGetUniformLocation referenced in function "void __cdecl mouseButtonCallback(struct GLFWwindow *,int,int,int)" (?mouseButtonCallback@@YAXPAUGLFWwindow@@HHH@Z)
Main.obj : error LNK2019: unresolved external symbol __imp____glewLinkProgram referenced in function "unsigned int __cdecl CreateShader(class std::basic_string<char,struct std::char_traits<char>,class std::allocator<char> > const &,class std::basic_string<char,struct std::char_traits<char>,class std::allocator<char> > const &)" (?CreateShader@@YAIABV?$basic_string@DU?$char_traits@D@std@@V?$allocator@D@2@@std@@0@Z)
Main.obj : error LNK2019: unresolved external symbol __imp____glewShaderSource referenced in function "unsigned int __cdecl CompileShader(unsigned int,class std::basic_string<char,struct std::char_traits<char>,class std::allocator<char> > const &)" (?CompileShader@@YAIIABV?$basic_string@DU?$char_traits@D@std@@V?$allocator@D@2@@std@@@Z)
Main.obj : error LNK2019: unresolved external symbol __imp____glewUniform1i referenced in function "void __cdecl mouseButtonCallback(struct GLFWwindow *,int,int,int)" (?mouseButtonCallback@@YAXPAUGLFWwindow@@HHH@Z)
Main.obj : error LNK2019: unresolved external symbol __imp____glewUniform2f referenced in function "void __cdecl mouseButtonCallback(struct GLFWwindow *,int,int,int)" (?mouseButtonCallback@@YAXPAUGLFWwindow@@HHH@Z)
Main.obj : error LNK2019: unresolved external symbol __imp____glewUniform2fv referenced in function "void __cdecl mouseButtonCallback(struct GLFWwindow *,int,int,int)" (?mouseButtonCallback@@YAXPAUGLFWwindow@@HHH@Z)
Main.obj : error LNK2019: unresolved external symbol __imp____glewUseProgram referenced in function "void __cdecl mouseButtonCallback(struct GLFWwindow *,int,int,int)" (?mouseButtonCallback@@YAXPAUGLFWwindow@@HHH@Z)
Main.obj : error LNK2019: unresolved external symbol __imp____glewValidateProgram referenced in function "unsigned int __cdecl CreateShader(class std::basic_string<char,struct std::char_traits<char>,class std::allocator<char> > const &,class std::basic_string<char,struct std::char_traits<char>,class std::allocator<char> > const &)" (?CreateShader@@YAIABV?$basic_string@DU?$char_traits@D@std@@V?$allocator@D@2@@std@@0@Z)
Main.obj : error LNK2019: unresolved external symbol __imp____glewVertexAttribPointer referenced in function _main
C:\Users\mug-r\Documents\Uni\Semester_7\Beleuchtung und Rendering - Block-Berlitz\Beleg\repo\VoronoiGLSL\VoronoiGLSL\libraries\OpenGL\GLFW\lib-vc2022\glfw3.lib : warning LNK4272: library machine type 'x64' conflicts with target machine type 'x86'
C:\Users\mug-r\Documents\Uni\Semester_7\Beleuchtung und Rendering - Block-Berlitz\Beleg\repo\VoronoiGLSL\VoronoiGLSL\libraries\OpenGL\GLFW\lib-vc2022\glfw3dll.lib : warning LNK4272: library machine type 'x64' conflicts with target machine type 'x86'
C:\Users\mug-r\Documents\Uni\Semester_7\Beleuchtung und Rendering - Block-Berlitz\Beleg\repo\VoronoiGLSL\VoronoiGLSL\libraries\OpenGL\GLEW\bin\Release\x64\glew32.lib : warning LNK4272: library machine type 'x64' conflicts with target machine type 'x86'
C:\Users\mug-r\Documents\Uni\Semester_7\Beleuchtung und Rendering - Block-Berlitz\Beleg\repo\VoronoiGLSL\Debug\VoronoiGLSL.exe : fatal error LNK1120: 33 unresolved externals
